<?xml version="1.0" encoding="UTF-8"?>
<!-- Generated by org.testng.reporters.JUnitXMLReporter -->
<testsuite ignored="0" hostname="CHNSHL491979L" failures="0" tests="4" name="Default test" time="28.998" errors="0" timestamp="2022-07-07T17:14:44 IST">
  <testcase classname="com.flipkart.testscenarios.PlaceOrder" name="loginTest" time="8.446"/>
  <testcase classname="com.flipkart.testscenarios.PlaceOrder" name="searchProductTest" time="3.856"/>
  <testcase classname="com.flipkart.testscenarios.PlaceOrder" name="selectProductTest" time="4.503"/>
  <testcase classname="com.flipkart.testscenarios.PlaceOrder" name="AddToCartTest" time="4.306"/>
</testsuite> <!-- Default test -->
