<?xml version="1.0" encoding="UTF-8"?>
<testng-results ignored="0" total="4" passed="4" failed="0" skipped="0">
  <reporter-output>
  </reporter-output>
  <suite started-at="2022-07-07T17:14:14 IST" name="Default suite" finished-at="2022-07-07T17:14:43 IST" duration-ms="28998">
    <groups>
    </groups>
    <test started-at="2022-07-07T17:14:14 IST" name="Default test" finished-at="2022-07-07T17:14:43 IST" duration-ms="28998">
      <class name="com.flipkart.testscenarios.PlaceOrder">
        <test-method is-config="true" signature="setUp()[pri:0, instance:com.flipkart.testscenarios.PlaceOrder@2ed2d9cb]" started-at="2022-07-07T17:14:15 IST" name="setUp" finished-at="2022-07-07T17:14:22 IST" duration-ms="7826" status="PASS">
          <reporter-output>
          </reporter-output>
        </test-method> <!-- setUp -->
        <test-method signature="loginTest()[pri:1, instance:com.flipkart.testscenarios.PlaceOrder@2ed2d9cb]" started-at="2022-07-07T17:14:22 IST" name="loginTest" finished-at="2022-07-07T17:14:31 IST" duration-ms="8446" status="PASS">
          <reporter-output>
          </reporter-output>
        </test-method> <!-- loginTest -->
        <test-method signature="searchProductTest()[pri:2, instance:com.flipkart.testscenarios.PlaceOrder@2ed2d9cb]" started-at="2022-07-07T17:14:31 IST" name="searchProductTest" finished-at="2022-07-07T17:14:35 IST" duration-ms="3856" status="PASS">
          <reporter-output>
          </reporter-output>
        </test-method> <!-- searchProductTest -->
        <test-method signature="selectProductTest()[pri:3, instance:com.flipkart.testscenarios.PlaceOrder@2ed2d9cb]" started-at="2022-07-07T17:14:35 IST" name="selectProductTest" finished-at="2022-07-07T17:14:39 IST" duration-ms="4503" status="PASS">
          <reporter-output>
          </reporter-output>
        </test-method> <!-- selectProductTest -->
        <test-method signature="AddToCartTest()[pri:4, instance:com.flipkart.testscenarios.PlaceOrder@2ed2d9cb]" started-at="2022-07-07T17:14:39 IST" name="AddToCartTest" finished-at="2022-07-07T17:14:43 IST" duration-ms="4306" status="PASS">
          <reporter-output>
          </reporter-output>
        </test-method> <!-- AddToCartTest -->
        <test-method is-config="true" signature="tearDown()[pri:0, instance:com.flipkart.testscenarios.PlaceOrder@2ed2d9cb]" started-at="2022-07-07T17:14:43 IST" name="tearDown" finished-at="2022-07-07T17:14:43 IST" duration-ms="0" status="PASS">
          <reporter-output>
          </reporter-output>
        </test-method> <!-- tearDown -->
      </class> <!-- com.flipkart.testscenarios.PlaceOrder -->
    </test> <!-- Default test -->
  </suite> <!-- Default suite -->
</testng-results>
